#
# There is insufficient memory for the Java Runtime Environment to continue.
# Native memory allocation (malloc) failed to allocate 666816 bytes for Chunk::new
# Possible reasons:
#   The system is out of physical RAM or swap space
#   In 32 bit mode, the process size limit was hit
# Possible solutions:
#   Reduce memory load on the system
#   Increase physical memory or swap space
#   Check if swap backing store is full
#   Use 64 bit Java on a 64 bit OS
#   Decrease Java heap size (-Xmx/-Xms)
#   Decrease number of Java threads
#   Decrease Java thread stack sizes (-Xss)
#   Set larger code cache with -XX:ReservedCodeCacheSize=
# This output file may be truncated or incomplete.
#
#  Out of Memory Error (allocation.cpp:323), pid=2932, tid=4312
#
# JRE version: Java(TM) SE Runtime Environment (7.0_79-b15) (build 1.7.0_79-b15)
# Java VM: Java HotSpot(TM) 64-Bit Server VM (24.79-b02 mixed mode windows-amd64 compressed oops)
# Failed to write core dump. Minidumps are not enabled by default on client versions of Windows
#

---------------  T H R E A D  ---------------

Current thread (0x00000000021ad800):  JavaThread "C2 CompilerThread0" daemon [_thread_in_native, id=4312, stack(0x000000000aa80000,0x000000000ab80000)]

Stack: [0x000000000aa80000,0x000000000ab80000]

Current CompileTask:
C2:   2305  246   !         com.android.dx.cf.code.Ropper::processBlock (1101 bytes)


---------------  P R O C E S S  ---------------

Java Threads: ( => current thread )
  0x000000000a850000 JavaThread "pool-1-thread-4" [_thread_in_Java, id=7264, stack(0x000000000b280000,0x000000000b380000)]
  0x000000000a84d000 JavaThread "pool-1-thread-3" [_thread_blocked, id=7260, stack(0x000000000b180000,0x000000000b280000)]
  0x000000000a84c800 JavaThread "pool-1-thread-2" [_thread_in_Java, id=7256, stack(0x000000000b080000,0x000000000b180000)]
  0x000000000a84b800 JavaThread "pool-2-thread-1" [_thread_blocked, id=7252, stack(0x000000000af80000,0x000000000b080000)]
  0x000000000a5d7000 JavaThread "pool-1-thread-1" [_thread_blocked, id=7248, stack(0x000000000ae80000,0x000000000af80000)]
  0x000000000a4a8000 JavaThread "Service Thread" daemon [_thread_blocked, id=6264, stack(0x000000000ac80000,0x000000000ad80000)]
  0x000000000a4a3000 JavaThread "C2 CompilerThread1" daemon [_thread_in_native, id=7092, stack(0x000000000ab80000,0x000000000ac80000)]
=>0x00000000021ad800 JavaThread "C2 CompilerThread0" daemon [_thread_in_native, id=4312, stack(0x000000000aa80000,0x000000000ab80000)]
  0x00000000021ad000 JavaThread "Attach Listener" daemon [_thread_blocked, id=6116, stack(0x000000000a980000,0x000000000aa80000)]
  0x00000000021a8800 JavaThread "Signal Dispatcher" daemon [_thread_blocked, id=6664, stack(0x000000000a880000,0x000000000a980000)]
  0x00000000084b0800 JavaThread "Finalizer" daemon [_thread_blocked, id=2824, stack(0x000000000a380000,0x000000000a480000)]
  0x00000000084aa000 JavaThread "Reference Handler" daemon [_thread_blocked, id=756, stack(0x000000000a280000,0x000000000a380000)]
  0x00000000020b0800 JavaThread "main" [_thread_in_vm, id=6140, stack(0x0000000001f20000,0x0000000002020000)]

Other Threads:
  0x00000000084a5000 VMThread [stack: 0x000000000a180000,0x000000000a280000] [id=5372]
  0x000000000a4b5000 WatcherThread [stack: 0x000000000ad80000,0x000000000ae80000] [id=6424]

VM state:not at safepoint (normal execution)

VM Mutex/Monitor currently owned by a thread: None

Heap
 PSYoungGen      total 38400K, used 28263K [0x00000000eaa80000, 0x00000000ef580000, 0x0000000100000000)
  eden space 33280K, 69% used [0x00000000eaa80000,0x00000000ec11b2b8,0x00000000ecb00000)
  from space 5120K, 99% used [0x00000000ecb00000,0x00000000ecffec58,0x00000000ed000000)
  to   space 5120K, 0% used [0x00000000ef080000,0x00000000ef080000,0x00000000ef580000)
 ParOldGen       total 86528K, used 377K [0x00000000c0000000, 0x00000000c5480000, 0x00000000eaa80000)
  object space 86528K, 0% used [0x00000000c0000000,0x00000000c005e5f0,0x00000000c5480000)
 PSPermGen       total 21504K, used 5890K [0x00000000bae00000, 0x00000000bc300000, 0x00000000c0000000)
  object space 21504K, 27% used [0x00000000bae00000,0x00000000bb3c0918,0x00000000bc300000)

Card table byte_map: [0x0000000005270000,0x00000000054a0000] byte_map_base: 0x0000000004c99000

Polling page: 0x0000000000670000

Code Cache  [0x00000000021b0000, 0x0000000002420000, 0x00000000051b0000)
 total_blobs=484 nmethods=245 adapters=189 free_code_cache=48188Kb largest_free_block=49327552

Compilation events (10 events):
Event: 2.280 Thread 0x00000000021ad800 nmethod 241 0x0000000002295910 code [0x0000000002295ae0, 0x0000000002296400]
Event: 2.280 Thread 0x00000000021ad800  242             java.util.ArrayList::ensureCapacity (28 bytes)
Event: 2.281 Thread 0x00000000021ad800 nmethod 242 0x0000000002292d90 code [0x0000000002292ee0, 0x0000000002292ff8]
Event: 2.281 Thread 0x00000000021ad800  243             com.android.dx.util.BitIntSet::<init> (13 bytes)
Event: 2.282 Thread 0x00000000021ad800 nmethod 243 0x00000000022929d0 code [0x0000000002292b20, 0x0000000002292c38]
Event: 2.282 Thread 0x00000000021ad800  244             com.android.dx.rop.cst.CstString::compareTo0 (15 bytes)
Event: 2.283 Thread 0x00000000021ad800 nmethod 244 0x0000000002297850 code [0x00000000022979a0, 0x0000000002297b18]
Event: 2.283 Thread 0x00000000021ad800  245             com.android.dx.rop.code.RegisterSpecList::set (7 bytes)
Event: 2.284 Thread 0x00000000021ad800 nmethod 245 0x0000000002297450 code [0x00000000022975a0, 0x0000000002297698]
Event: 2.284 Thread 0x00000000021ad800  246   !         com.android.dx.cf.code.Ropper::processBlock (1101 bytes)

GC Heap History (2 events):
Event: 1.481 GC heap before
{Heap before GC invocations=1 (full 0):
 PSYoungGen      total 38400K, used 33280K [0x00000000eaa80000, 0x00000000ed500000, 0x0000000100000000)
  eden space 33280K, 100% used [0x00000000eaa80000,0x00000000ecb00000,0x00000000ecb00000)
  from space 5120K, 0% used [0x00000000ed000000,0x00000000ed000000,0x00000000ed500000)
  to   space 5120K, 0% used [0x00000000ecb00000,0x00000000ecb00000,0x00000000ed000000)
 ParOldGen       total 86528K, used 0K [0x00000000c0000000, 0x00000000c5480000, 0x00000000eaa80000)
  object space 86528K, 0% used [0x00000000c0000000,0x00000000c0000000,0x00000000c5480000)
 PSPermGen       total 21504K, used 5738K [0x00000000bae00000, 0x00000000bc300000, 0x00000000c0000000)
  object space 21504K, 26% used [0x00000000bae00000,0x00000000bb39abc8,0x00000000bc300000)
Event: 1.738 GC heap after
Heap after GC invocations=1 (full 0):
 PSYoungGen      total 38400K, used 5115K [0x00000000eaa80000, 0x00000000ef580000, 0x0000000100000000)
  eden space 33280K, 0% used [0x00000000eaa80000,0x00000000eaa80000,0x00000000ecb00000)
  from space 5120K, 99% used [0x00000000ecb00000,0x00000000ecffec58,0x00000000ed000000)
  to   space 5120K, 0% used [0x00000000ef080000,0x00000000ef080000,0x00000000ef580000)
 ParOldGen       total 86528K, used 377K [0x00000000c0000000, 0x00000000c5480000, 0x00000000eaa80000)
  object space 86528K, 0% used [0x00000000c0000000,0x00000000c005e5f0,0x00000000c5480000)
 PSPermGen       total 21504K, used 5738K [0x00000000bae00000, 0x00000000bc300000, 0x00000000c0000000)
  object space 21504K, 26% used [0x00000000bae00000,0x00000000bb39abc8,0x00000000bc300000)
}

Deoptimization events (9 events):
Event: 1.280 Thread 0x000000000a84d000 Uncommon trap: reason=class_check action=maybe_recompile pc=0x000000000222d8d8 method=com.android.dx.ssa.NormalSsaInsn.accept(Lcom/android/dx/ssa/SsaInsn$Visitor;)V @ 9
Event: 1.383 Thread 0x000000000a84d000 Uncommon trap: reason=class_check action=maybe_recompile pc=0x000000000222d8d8 method=com.android.dx.ssa.NormalSsaInsn.accept(Lcom/android/dx/ssa/SsaInsn$Visitor;)V @ 9
Event: 1.838 Thread 0x000000000a5d7000 Uncommon trap: reason=class_check action=maybe_recompile pc=0x000000000223e628 method=com.android.dx.rop.type.Type.equals(Ljava/lang/Object;)Z @ 8
Event: 1.839 Thread 0x000000000a5d7000 Uncommon trap: reason=class_check action=maybe_recompile pc=0x000000000223e628 method=com.android.dx.rop.type.Type.equals(Ljava/lang/Object;)Z @ 8
Event: 1.839 Thread 0x000000000a5d7000 Uncommon trap: reason=class_check action=maybe_recompile pc=0x000000000223e628 method=com.android.dx.rop.type.Type.equals(Ljava/lang/Object;)Z @ 8
Event: 1.843 Thread 0x000000000a5d7000 Uncommon trap: reason=class_check action=maybe_recompile pc=0x000000000223e628 method=com.android.dx.rop.type.Type.equals(Ljava/lang/Object;)Z @ 8
Event: 1.960 Thread 0x00000000020b0800 Uncommon trap: reason=null_check action=make_not_entrant pc=0x0000000002255be8 method=com.android.dx.rop.type.Type.putIntern(Lcom/android/dx/rop/type/Type;)Lcom/android/dx/rop/type/Type; @ 18
Event: 1.990 Thread 0x00000000020b0800 Uncommon trap: reason=unreached action=reinterpret pc=0x0000000002231704 method=com.android.dx.rop.cst.Constant.compareTo(Lcom/android/dx/rop/cst/Constant;)I @ 12
Event: 2.283 Thread 0x00000000020b0800 Uncommon trap: reason=unreached action=reinterpret pc=0x0000000002272470 method=com.android.dx.ssa.LocalVariableExtractor.processBlock(I)V @ 251

Internal exceptions (10 events):
Event: 1.222 Thread 0x00000000020b0800 Threw 0x00000000ebd4dbf0 at C:\re\jdk7u79\2331\hotspot\src\share\vm\prims\jvm.cpp:1304
Event: 1.223 Thread 0x00000000020b0800 Threw 0x00000000ebd53400 at C:\re\jdk7u79\2331\hotspot\src\share\vm\prims\jvm.cpp:1304
Event: 1.223 Thread 0x00000000020b0800 Threw 0x00000000ebd588b8 at C:\re\jdk7u79\2331\hotspot\src\share\vm\prims\jvm.cpp:1304
Event: 1.268 Thread 0x000000000a84c800 Threw 0x00000000ec2c8000 at C:\re\jdk7u79\2331\hotspot\src\share\vm\prims\jvm.cpp:1304
Event: 1.308 Thread 0x00000000020b0800 Threw 0x00000000ec3fce10 at C:\re\jdk7u79\2331\hotspot\src\share\vm\prims\jvm.cpp:1304
Event: 1.309 Thread 0x00000000020b0800 Threw 0x00000000ec3fef80 at C:\re\jdk7u79\2331\hotspot\src\share\vm\prims\jvm.cpp:1304
Event: 1.331 Thread 0x000000000a84c800 Threw 0x00000000ec491e58 at C:\re\jdk7u79\2331\hotspot\src\share\vm\prims\jvm.cpp:1304
Event: 1.377 Thread 0x00000000020b0800 Threw 0x00000000ec5ce2d8 at C:\re\jdk7u79\2331\hotspot\src\share\vm\prims\jvm.cpp:1304
Event: 1.835 Thread 0x000000000a5d7000 Threw 0x00000000ead16aa8 at C:\re\jdk7u79\2331\hotspot\src\share\vm\prims\jvm.cpp:1304
Event: 1.960 Thread 0x00000000020b0800 Implicit null exception at 0x00000000022554f7 to 0x0000000002255bd9

Events (10 events):
Event: 1.843 Thread 0x000000000a5d7000 DEOPT UNPACKING pc=0x00000000021e75a4 sp=0x000000000af7e7a8 mode 2
Event: 1.960 Thread 0x00000000020b0800 Uncommon trap: trap_request=0xfffffff4 fr.pc=0x0000000002255be8
Event: 1.960 Thread 0x00000000020b0800 DEOPT PACKING pc=0x0000000002255be8 sp=0x000000000201e860
Event: 1.960 Thread 0x00000000020b0800 DEOPT UNPACKING pc=0x00000000021e75a4 sp=0x000000000201e780 mode 2
Event: 1.990 Thread 0x00000000020b0800 Uncommon trap: trap_request=0xffffffad fr.pc=0x0000000002231704
Event: 1.991 Thread 0x00000000020b0800 DEOPT PACKING pc=0x0000000002231704 sp=0x000000000201e020
Event: 1.991 Thread 0x00000000020b0800 DEOPT UNPACKING pc=0x00000000021e75a4 sp=0x000000000201dfc0 mode 2
Event: 2.282 Thread 0x00000000020b0800 Uncommon trap: trap_request=0xffffffad fr.pc=0x0000000002272470
Event: 2.283 Thread 0x00000000020b0800 DEOPT PACKING pc=0x0000000002272470 sp=0x000000000201e3f0
Event: 2.283 Thread 0x00000000020b0800 DEOPT UNPACKING pc=0x00000000021e75a4 sp=0x000000000201e380 mode 2


Dynamic libraries:
0x00007ff67e810000 - 0x00007ff67e843000 	C:\Program Files\Java\jdk1.7.0_79\bin\java.exe
0x00007ffa585a0000 - 0x00007ffa5874c000 	C:\Windows\SYSTEM32\ntdll.dll
0x00007ffa56cd0000 - 0x00007ffa56e0e000 	C:\Windows\system32\KERNEL32.DLL
0x00007ffa557c0000 - 0x00007ffa558d5000 	C:\Windows\system32\KERNELBASE.dll
0x00007ffa53fa0000 - 0x00007ffa5402e000 	C:\Windows\system32\apphelp.dll
0x00007ffa44a80000 - 0x00007ffa44ad3000 	C:\Windows\AppPatch\AppPatch64\AcGenral.DLL
0x00007ffa55fd0000 - 0x00007ffa5607a000 	C:\Windows\system32\msvcrt.dll
0x00007ffa55590000 - 0x00007ffa555be000 	C:\Windows\SYSTEM32\SspiCli.dll
0x00007ffa56ed0000 - 0x00007ffa56f24000 	C:\Windows\system32\SHLWAPI.dll
0x00007ffa56450000 - 0x00007ffa565c7000 	C:\Windows\system32\USER32.dll
0x00007ffa561e0000 - 0x00007ffa56374000 	C:\Windows\system32\ole32.dll
0x00007ffa57070000 - 0x00007ffa5859b000 	C:\Windows\system32\SHELL32.dll
0x00007ffa54d10000 - 0x00007ffa54d31000 	C:\Windows\SYSTEM32\USERENV.dll
0x00007ffa56f30000 - 0x00007ffa56fda000 	C:\Windows\system32\ADVAPI32.dll
0x00007ffa4f940000 - 0x00007ffa4f95e000 	C:\Windows\SYSTEM32\MPR.dll
0x00007ffa56990000 - 0x00007ffa56ad1000 	C:\Windows\system32\RPCRT4.dll
0x00007ffa563f0000 - 0x00007ffa56449000 	C:\Windows\SYSTEM32\sechost.dll
0x00007ffa55db0000 - 0x00007ffa55fc1000 	C:\Windows\SYSTEM32\combase.dll
0x00007ffa56b80000 - 0x00007ffa56cd0000 	C:\Windows\system32\GDI32.dll
0x00007ffa556f0000 - 0x00007ffa55705000 	C:\Windows\SYSTEM32\profapi.dll
0x00007ffa53eb0000 - 0x00007ffa53f62000 	C:\Windows\SYSTEM32\SHCORE.dll
0x00007ffa56ae0000 - 0x00007ffa56b16000 	C:\Windows\system32\IMM32.DLL
0x00007ffa56080000 - 0x00007ffa561d2000 	C:\Windows\system32\MSCTF.dll
0x00000000691d0000 - 0x0000000069259000 	C:\Windows\System32\SYSFER.DLL
0x00007ffa52830000 - 0x00007ffa52aab000 	C:\Windows\WinSxS\amd64_microsoft.windows.common-controls_6595b64144ccf1df_6.0.9600.18006_none_623f33d3ecbe86e8\COMCTL32.dll
0x00007ffa565d0000 - 0x00007ffa565d7000 	C:\Windows\system32\psapi.dll
0x0000000065dc0000 - 0x0000000065e92000 	C:\Program Files\Java\jdk1.7.0_79\jre\bin\msvcr100.dll
0x0000000066d90000 - 0x0000000067565000 	C:\Program Files\Java\jdk1.7.0_79\jre\bin\server\jvm.dll
0x00007ffa4e8c0000 - 0x00007ffa4e8c9000 	C:\Windows\SYSTEM32\WSOCK32.dll
0x00007ffa4e960000 - 0x00007ffa4e982000 	C:\Windows\SYSTEM32\WINMM.dll
0x00007ffa56b20000 - 0x00007ffa56b7a000 	C:\Windows\system32\WS2_32.dll
0x00007ffa4e930000 - 0x00007ffa4e95a000 	C:\Windows\SYSTEM32\WINMMBASE.dll
0x00007ffa57060000 - 0x00007ffa57069000 	C:\Windows\system32\NSI.dll
0x00007ffa55b70000 - 0x00007ffa55bbf000 	C:\Windows\SYSTEM32\cfgmgr32.dll
0x00007ffa544e0000 - 0x00007ffa54508000 	C:\Windows\SYSTEM32\DEVOBJ.dll
0x0000000066d80000 - 0x0000000066d8f000 	C:\Program Files\Java\jdk1.7.0_79\jre\bin\verify.dll
0x0000000066d50000 - 0x0000000066d78000 	C:\Program Files\Java\jdk1.7.0_79\jre\bin\java.dll
0x0000000066d30000 - 0x0000000066d45000 	C:\Program Files\Java\jdk1.7.0_79\jre\bin\zip.dll
0x0000000066d10000 - 0x0000000066d2a000 	C:\Program Files\Java\jdk1.7.0_79\jre\bin\net.dll
0x00007ffa54fd0000 - 0x00007ffa55029000 	C:\Windows\system32\mswsock.dll
0x0000000066cf0000 - 0x0000000066d01000 	C:\Program Files\Java\jdk1.7.0_79\jre\bin\nio.dll

VM Arguments:
jvm_args: -Xmx1024M -Dfile.encoding=windows-1252 -Duser.country=BR -Duser.language=pt -Duser.variant 
java_command: com.android.dx.command.Main --dex --num-threads=4 --output C:\Users\Thiago.Prado\Desktop\GitHub\Projeto_Descubra\app\build\intermediates\pre-dexed\debug\classes-723a4a38e1a95673be57413a2b1a5e4081843e83.jar C:\Users\Thiago.Prado\Desktop\GitHub\Projeto_Descubra\app\build\intermediates\exploded-aar\com.android.support\support-v4\23.4.0\jars\classes.jar
Launcher Type: SUN_STANDARD

Environment Variables:
PATH=C:\ProgramData\Oracle\Java\javapath;C:\Windows\system32;C:\Windows;C:\Windows\System32\Wbem;C:\Windows\System32\WindowsPowerShell\v1.0\;C:\Program Files (x86)\ATI Technologies\ATI.ACE\Core-Static;C:\Program Files (x86)\Brackets\command;C:\Program Files (x86)\Windows Kits\8.1\Windows Performance Toolkit\;C:\Program Files\Microsoft SQL Server\110\Tools\Binn\;C:\Program Files (x86)\QuickTime\QTSystem\
USERNAME=Thiago.Prado
OS=Windows_NT
PROCESSOR_IDENTIFIER=Intel64 Family 6 Model 42 Stepping 7, GenuineIntel



---------------  S Y S T E M  ---------------

OS: Windows 8.1 , 64 bit Build 9600 

CPU:total 8 (4 cores per cpu, 2 threads per core) family 6 model 42 stepping 7, cmov, cx8, fxsr, mmx, sse, sse2, sse3, ssse3, sse4.1, sse4.2, popcnt, avx, aes, ht, tsc, tscinvbit

Memory: 4k page, physical 8344624k(1619164k free), swap 10427076k(7832k free)

vm_info: Java HotSpot(TM) 64-Bit Server VM (24.79-b02) for windows-amd64 JRE (1.7.0_79-b15), built on Apr 10 2015 12:36:16 by "java_re" with unknown MS VC++:1600

time: Tue Nov 29 11:42:49 2016
elapsed time: 2 seconds

