#
# There is insufficient memory for the Java Runtime Environment to continue.
# Native memory allocation (malloc) failed to allocate 1065536 bytes for Chunk::new
# Possible reasons:
#   The system is out of physical RAM or swap space
#   In 32 bit mode, the process size limit was hit
# Possible solutions:
#   Reduce memory load on the system
#   Increase physical memory or swap space
#   Check if swap backing store is full
#   Use 64 bit Java on a 64 bit OS
#   Decrease Java heap size (-Xmx/-Xms)
#   Decrease number of Java threads
#   Decrease Java thread stack sizes (-Xss)
#   Set larger code cache with -XX:ReservedCodeCacheSize=
# This output file may be truncated or incomplete.
#
#  Out of Memory Error (allocation.cpp:323), pid=4184, tid=5944
#
# JRE version: Java(TM) SE Runtime Environment (7.0_79-b15) (build 1.7.0_79-b15)
# Java VM: Java HotSpot(TM) 64-Bit Server VM (24.79-b02 mixed mode windows-amd64 compressed oops)
# Failed to write core dump. Minidumps are not enabled by default on client versions of Windows
#

---------------  T H R E A D  ---------------

Current thread (0x0000000002877800):  JavaThread "C2 CompilerThread1" daemon [_thread_in_native, id=5944, stack(0x000000000b250000,0x000000000b350000)]

Stack: [0x000000000b250000,0x000000000b350000]

Current CompileTask:
C2:   2267  239             com.android.dx.ssa.SCCP::simulateBlock (54 bytes)


---------------  P R O C E S S  ---------------

Java Threads: ( => current thread )
  0x000000000ae6c800 JavaThread "pool-1-thread-4" [_thread_in_Java, id=6508, stack(0x000000000b950000,0x000000000ba50000)]
  0x000000000ac93800 JavaThread "pool-1-thread-3" [_thread_in_vm, id=2496, stack(0x000000000b850000,0x000000000b950000)]
  0x000000000ac93000 JavaThread "pool-1-thread-2" [_thread_blocked, id=5412, stack(0x000000000b750000,0x000000000b850000)]
  0x000000000ae54800 JavaThread "pool-2-thread-1" [_thread_blocked, id=7064, stack(0x000000000b650000,0x000000000b750000)]
  0x000000000ac42000 JavaThread "pool-1-thread-1" [_thread_in_vm, id=2072, stack(0x000000000b550000,0x000000000b650000)]
  0x000000000ab74000 JavaThread "Service Thread" daemon [_thread_blocked, id=4760, stack(0x000000000b350000,0x000000000b450000)]
=>0x0000000002877800 JavaThread "C2 CompilerThread1" daemon [_thread_in_native, id=5944, stack(0x000000000b250000,0x000000000b350000)]
  0x0000000002875800 JavaThread "C2 CompilerThread0" daemon [_thread_in_native, id=4532, stack(0x000000000b150000,0x000000000b250000)]
  0x0000000002875000 JavaThread "Attach Listener" daemon [_thread_blocked, id=7104, stack(0x000000000b050000,0x000000000b150000)]
  0x0000000002870800 JavaThread "Signal Dispatcher" daemon [_thread_blocked, id=4896, stack(0x000000000af50000,0x000000000b050000)]
  0x0000000008b80800 JavaThread "Finalizer" daemon [_thread_blocked, id=6800, stack(0x000000000aa50000,0x000000000ab50000)]
  0x0000000008b7a000 JavaThread "Reference Handler" daemon [_thread_blocked, id=3816, stack(0x000000000a950000,0x000000000aa50000)]
  0x0000000002780800 JavaThread "main" [_thread_blocked, id=6516, stack(0x00000000025f0000,0x00000000026f0000)]

Other Threads:
  0x0000000008b75000 VMThread [stack: 0x000000000a850000,0x000000000a950000] [id=7080]
  0x000000000287e000 WatcherThread [stack: 0x000000000b450000,0x000000000b550000] [id=4980]

VM state:not at safepoint (normal execution)

VM Mutex/Monitor currently owned by a thread: None

Heap
 PSYoungGen      total 38400K, used 29238K [0x00000000eaa80000, 0x00000000ef580000, 0x0000000100000000)
  eden space 33280K, 72% used [0x00000000eaa80000,0x00000000ec20f828,0x00000000ecb00000)
  from space 5120K, 99% used [0x00000000ecb00000,0x00000000ecffe110,0x00000000ed000000)
  to   space 5120K, 0% used [0x00000000ef080000,0x00000000ef080000,0x00000000ef580000)
 ParOldGen       total 86528K, used 1484K [0x00000000c0000000, 0x00000000c5480000, 0x00000000eaa80000)
  object space 86528K, 1% used [0x00000000c0000000,0x00000000c01730a8,0x00000000c5480000)
 PSPermGen       total 21504K, used 5912K [0x00000000bae00000, 0x00000000bc300000, 0x00000000c0000000)
  object space 21504K, 27% used [0x00000000bae00000,0x00000000bb3c6258,0x00000000bc300000)

Card table byte_map: [0x0000000005940000,0x0000000005b70000] byte_map_base: 0x0000000005369000

Polling page: 0x00000000025d0000

Code Cache  [0x0000000002880000, 0x0000000002af0000, 0x0000000005880000)
 total_blobs=476 nmethods=239 adapters=189 free_code_cache=48206Kb largest_free_block=49323776

Compilation events (10 events):
Event: 2.109 Thread 0x0000000002877800 nmethod 234 0x0000000002957f50 code [0x00000000029580a0, 0x0000000002958438]
Event: 2.109 Thread 0x0000000002877800  235             java.util.HashMap::<init> (9 bytes)
Event: 2.110 Thread 0x0000000002877800 nmethod 235 0x0000000002957c90 code [0x0000000002957de0, 0x0000000002957e98]
Event: 2.110 Thread 0x0000000002877800  236             com.android.dx.ssa.SsaBasicBlock::newFromRop (183 bytes)
Event: 2.174 Thread 0x0000000002877800 nmethod 236 0x0000000002971cd0 code [0x0000000002971fc0, 0x0000000002973cc0]
Event: 2.174 Thread 0x0000000002877800  237   !         com.android.dx.util.IntList::set (53 bytes)
Event: 2.175 Thread 0x0000000002877800 nmethod 237 0x00000000029578d0 code [0x0000000002957a20, 0x0000000002957af8]
Event: 2.175 Thread 0x0000000002877800  238             java.util.Collections$UnmodifiableCollection$1::hasNext (10 bytes)
Event: 2.176 Thread 0x0000000002877800 nmethod 238 0x000000000296c5d0 code [0x000000000296c720, 0x000000000296c7d8]
Event: 2.176 Thread 0x0000000002877800  239             com.android.dx.ssa.SCCP::simulateBlock (54 bytes)

GC Heap History (2 events):
Event: 1.494 GC heap before
{Heap before GC invocations=1 (full 0):
 PSYoungGen      total 38400K, used 33280K [0x00000000eaa80000, 0x00000000ed500000, 0x0000000100000000)
  eden space 33280K, 100% used [0x00000000eaa80000,0x00000000ecb00000,0x00000000ecb00000)
  from space 5120K, 0% used [0x00000000ed000000,0x00000000ed000000,0x00000000ed500000)
  to   space 5120K, 0% used [0x00000000ecb00000,0x00000000ecb00000,0x00000000ed000000)
 ParOldGen       total 86528K, used 0K [0x00000000c0000000, 0x00000000c5480000, 0x00000000eaa80000)
  object space 86528K, 0% used [0x00000000c0000000,0x00000000c0000000,0x00000000c5480000)
 PSPermGen       total 21504K, used 5845K [0x00000000bae00000, 0x00000000bc300000, 0x00000000c0000000)
  object space 21504K, 27% used [0x00000000bae00000,0x00000000bb3b5450,0x00000000bc300000)
Event: 1.611 GC heap after
Heap after GC invocations=1 (full 0):
 PSYoungGen      total 38400K, used 5112K [0x00000000eaa80000, 0x00000000ef580000, 0x0000000100000000)
  eden space 33280K, 0% used [0x00000000eaa80000,0x00000000eaa80000,0x00000000ecb00000)
  from space 5120K, 99% used [0x00000000ecb00000,0x00000000ecffe110,0x00000000ed000000)
  to   space 5120K, 0% used [0x00000000ef080000,0x00000000ef080000,0x00000000ef580000)
 ParOldGen       total 86528K, used 1484K [0x00000000c0000000, 0x00000000c5480000, 0x00000000eaa80000)
  object space 86528K, 1% used [0x00000000c0000000,0x00000000c01730a8,0x00000000c5480000)
 PSPermGen       total 21504K, used 5845K [0x00000000bae00000, 0x00000000bc300000, 0x00000000c0000000)
  object space 21504K, 27% used [0x00000000bae00000,0x00000000bb3b5450,0x00000000bc300000)
}

Deoptimization events (7 events):
Event: 1.690 Thread 0x000000000ae6c800 Uncommon trap: reason=null_check action=make_not_entrant pc=0x0000000002929250 method=com.android.dx.rop.type.Type.equals(Ljava/lang/Object;)Z @ 8
Event: 1.776 Thread 0x000000000ac93000 Uncommon trap: reason=unreached action=reinterpret pc=0x00000000028f3a04 method=com.android.dx.rop.cst.Constant.compareTo(Lcom/android/dx/rop/cst/Constant;)I @ 12
Event: 2.007 Thread 0x000000000ac93000 Uncommon trap: reason=bimorphic action=maybe_recompile pc=0x000000000292d3e4 method=java.util.HashMap.put(Ljava/lang/Object;Ljava/lang/Object;)Ljava/lang/Object; @ 83
Event: 2.008 Thread 0x000000000ac93000 Uncommon trap: reason=bimorphic action=maybe_recompile pc=0x000000000292d3e4 method=java.util.HashMap.put(Ljava/lang/Object;Ljava/lang/Object;)Ljava/lang/Object; @ 83
Event: 2.008 Thread 0x000000000ac93000 Uncommon trap: reason=bimorphic action=maybe_recompile pc=0x000000000292d3e4 method=java.util.HashMap.put(Ljava/lang/Object;Ljava/lang/Object;)Ljava/lang/Object; @ 83
Event: 2.096 Thread 0x000000000ac93000 Uncommon trap: reason=bimorphic action=maybe_recompile pc=0x000000000292d3e4 method=java.util.HashMap.put(Ljava/lang/Object;Ljava/lang/Object;)Ljava/lang/Object; @ 83
Event: 2.228 Thread 0x0000000002780800 Uncommon trap: reason=null_check action=make_not_entrant pc=0x0000000002939bb0 method=com.android.dx.rop.type.Type.putIntern(Lcom/android/dx/rop/type/Type;)Lcom/android/dx/rop/type/Type; @ 18

Internal exceptions (10 events):
Event: 0.863 Thread 0x000000000ac93000 Threw 0x00000000ebd29b58 at C:\re\jdk7u79\2331\hotspot\src\share\vm\prims\jvm.cpp:1304
Event: 0.864 Thread 0x000000000ac93000 Threw 0x00000000ebd2f168 at C:\re\jdk7u79\2331\hotspot\src\share\vm\prims\jvm.cpp:1304
Event: 0.864 Thread 0x000000000ac93000 Threw 0x00000000ebd344e0 at C:\re\jdk7u79\2331\hotspot\src\share\vm\prims\jvm.cpp:1304
Event: 0.884 Thread 0x000000000ae6c800 Threw 0x00000000ebdb4d30 at C:\re\jdk7u79\2331\hotspot\src\share\vm\prims\jvm.cpp:1304
Event: 0.913 Thread 0x000000000ac42000 Threw 0x00000000ebb96cc8 at C:\re\jdk7u79\2331\hotspot\src\share\vm\prims\jvm.cpp:1304
Event: 0.937 Thread 0x0000000002780800 Threw 0x00000000ebf3cbf8 at C:\re\jdk7u79\2331\hotspot\src\share\vm\prims\jvm.cpp:1304
Event: 1.024 Thread 0x000000000ac93000 Threw 0x00000000ec197fd8 at C:\re\jdk7u79\2331\hotspot\src\share\vm\prims\jvm.cpp:1304
Event: 1.690 Thread 0x000000000ae6c800 Implicit null exception at 0x0000000002929152 to 0x0000000002929242
Event: 1.919 Thread 0x000000000ac93000 Threw 0x00000000eb88e0a0 at C:\re\jdk7u79\2331\hotspot\src\share\vm\prims\jvm.cpp:1304
Event: 2.228 Thread 0x0000000002780800 Implicit null exception at 0x00000000029394b7 to 0x0000000002939ba1

Events (10 events):
Event: 2.008 Thread 0x000000000ac93000 DEOPT UNPACKING pc=0x00000000028b75a4 sp=0x000000000b84e708 mode 2
Event: 2.008 Thread 0x000000000ac93000 Uncommon trap: trap_request=0xffffffc6 fr.pc=0x000000000292d3e4
Event: 2.008 Thread 0x000000000ac93000 DEOPT PACKING pc=0x000000000292d3e4 sp=0x000000000b84e760
Event: 2.008 Thread 0x000000000ac93000 DEOPT UNPACKING pc=0x00000000028b75a4 sp=0x000000000b84e708 mode 2
Event: 2.096 Thread 0x000000000ac93000 Uncommon trap: trap_request=0xffffffc6 fr.pc=0x000000000292d3e4
Event: 2.096 Thread 0x000000000ac93000 DEOPT PACKING pc=0x000000000292d3e4 sp=0x000000000b84e760
Event: 2.096 Thread 0x000000000ac93000 DEOPT UNPACKING pc=0x00000000028b75a4 sp=0x000000000b84e708 mode 2
Event: 2.228 Thread 0x0000000002780800 Uncommon trap: trap_request=0xfffffff4 fr.pc=0x0000000002939bb0
Event: 2.228 Thread 0x0000000002780800 DEOPT PACKING pc=0x0000000002939bb0 sp=0x00000000026ee9a0
Event: 2.228 Thread 0x0000000002780800 DEOPT UNPACKING pc=0x00000000028b75a4 sp=0x00000000026ee8c0 mode 2


Dynamic libraries:
0x00007ff67e810000 - 0x00007ff67e843000 	C:\Program Files\Java\jdk1.7.0_79\bin\java.exe
0x00007ffa585a0000 - 0x00007ffa5874c000 	C:\Windows\SYSTEM32\ntdll.dll
0x00007ffa56cd0000 - 0x00007ffa56e0e000 	C:\Windows\system32\KERNEL32.DLL
0x00007ffa557c0000 - 0x00007ffa558d5000 	C:\Windows\system32\KERNELBASE.dll
0x00007ffa53fa0000 - 0x00007ffa5402e000 	C:\Windows\system32\apphelp.dll
0x00007ffa44a80000 - 0x00007ffa44ad3000 	C:\Windows\AppPatch\AppPatch64\AcGenral.DLL
0x00007ffa55fd0000 - 0x00007ffa5607a000 	C:\Windows\system32\msvcrt.dll
0x00007ffa55590000 - 0x00007ffa555be000 	C:\Windows\SYSTEM32\SspiCli.dll
0x00007ffa56ed0000 - 0x00007ffa56f24000 	C:\Windows\system32\SHLWAPI.dll
0x00007ffa56450000 - 0x00007ffa565c7000 	C:\Windows\system32\USER32.dll
0x00007ffa561e0000 - 0x00007ffa56374000 	C:\Windows\system32\ole32.dll
0x00007ffa57070000 - 0x00007ffa5859b000 	C:\Windows\system32\SHELL32.dll
0x00007ffa54d10000 - 0x00007ffa54d31000 	C:\Windows\SYSTEM32\USERENV.dll
0x00007ffa56f30000 - 0x00007ffa56fda000 	C:\Windows\system32\ADVAPI32.dll
0x00007ffa4f940000 - 0x00007ffa4f95e000 	C:\Windows\SYSTEM32\MPR.dll
0x00007ffa56990000 - 0x00007ffa56ad1000 	C:\Windows\system32\RPCRT4.dll
0x00007ffa563f0000 - 0x00007ffa56449000 	C:\Windows\SYSTEM32\sechost.dll
0x00007ffa55db0000 - 0x00007ffa55fc1000 	C:\Windows\SYSTEM32\combase.dll
0x00007ffa56b80000 - 0x00007ffa56cd0000 	C:\Windows\system32\GDI32.dll
0x00007ffa556f0000 - 0x00007ffa55705000 	C:\Windows\SYSTEM32\profapi.dll
0x00007ffa53eb0000 - 0x00007ffa53f62000 	C:\Windows\SYSTEM32\SHCORE.dll
0x00007ffa56ae0000 - 0x00007ffa56b16000 	C:\Windows\system32\IMM32.DLL
0x00007ffa56080000 - 0x00007ffa561d2000 	C:\Windows\system32\MSCTF.dll
0x00000000691d0000 - 0x0000000069259000 	C:\Windows\System32\SYSFER.DLL
0x00007ffa52830000 - 0x00007ffa52aab000 	C:\Windows\WinSxS\amd64_microsoft.windows.common-controls_6595b64144ccf1df_6.0.9600.18006_none_623f33d3ecbe86e8\COMCTL32.dll
0x00007ffa565d0000 - 0x00007ffa565d7000 	C:\Windows\system32\psapi.dll
0x0000000065dc0000 - 0x0000000065e92000 	C:\Program Files\Java\jdk1.7.0_79\jre\bin\msvcr100.dll
0x0000000066d90000 - 0x0000000067565000 	C:\Program Files\Java\jdk1.7.0_79\jre\bin\server\jvm.dll
0x00007ffa4e8c0000 - 0x00007ffa4e8c9000 	C:\Windows\SYSTEM32\WSOCK32.dll
0x00007ffa4e960000 - 0x00007ffa4e982000 	C:\Windows\SYSTEM32\WINMM.dll
0x00007ffa56b20000 - 0x00007ffa56b7a000 	C:\Windows\system32\WS2_32.dll
0x00007ffa4e930000 - 0x00007ffa4e95a000 	C:\Windows\SYSTEM32\WINMMBASE.dll
0x00007ffa57060000 - 0x00007ffa57069000 	C:\Windows\system32\NSI.dll
0x00007ffa55b70000 - 0x00007ffa55bbf000 	C:\Windows\SYSTEM32\cfgmgr32.dll
0x00007ffa544e0000 - 0x00007ffa54508000 	C:\Windows\SYSTEM32\DEVOBJ.dll
0x0000000066d80000 - 0x0000000066d8f000 	C:\Program Files\Java\jdk1.7.0_79\jre\bin\verify.dll
0x0000000066d50000 - 0x0000000066d78000 	C:\Program Files\Java\jdk1.7.0_79\jre\bin\java.dll
0x0000000066d30000 - 0x0000000066d45000 	C:\Program Files\Java\jdk1.7.0_79\jre\bin\zip.dll
0x0000000066d10000 - 0x0000000066d2a000 	C:\Program Files\Java\jdk1.7.0_79\jre\bin\net.dll
0x00007ffa54fd0000 - 0x00007ffa55029000 	C:\Windows\system32\mswsock.dll
0x0000000066cf0000 - 0x0000000066d01000 	C:\Program Files\Java\jdk1.7.0_79\jre\bin\nio.dll

VM Arguments:
jvm_args: -Xmx1024M -Dfile.encoding=windows-1252 -Duser.country=BR -Duser.language=pt -Duser.variant 
java_command: com.android.dx.command.Main --dex --num-threads=4 --output C:\Users\Thiago.Prado\Desktop\GitHub\Projeto_Descubra\app\build\intermediates\pre-dexed\debug\classes-78ccfbeb04f886bdc12d16f19f92c22af7e70c93.jar C:\Users\Thiago.Prado\Desktop\GitHub\Projeto_Descubra\app\build\intermediates\exploded-aar\com.android.support\design\23.4.0\jars\classes.jar
Launcher Type: SUN_STANDARD

Environment Variables:
PATH=C:\ProgramData\Oracle\Java\javapath;C:\Windows\system32;C:\Windows;C:\Windows\System32\Wbem;C:\Windows\System32\WindowsPowerShell\v1.0\;C:\Program Files (x86)\ATI Technologies\ATI.ACE\Core-Static;C:\Program Files (x86)\Brackets\command;C:\Program Files (x86)\Windows Kits\8.1\Windows Performance Toolkit\;C:\Program Files\Microsoft SQL Server\110\Tools\Binn\;C:\Program Files (x86)\QuickTime\QTSystem\
USERNAME=Thiago.Prado
OS=Windows_NT
PROCESSOR_IDENTIFIER=Intel64 Family 6 Model 42 Stepping 7, GenuineIntel



---------------  S Y S T E M  ---------------

OS: Windows 8.1 , 64 bit Build 9600 

CPU:total 8 (4 cores per cpu, 2 threads per core) family 6 model 42 stepping 7, cmov, cx8, fxsr, mmx, sse, sse2, sse3, ssse3, sse4.1, sse4.2, popcnt, avx, aes, ht, tsc, tscinvbit

Memory: 4k page, physical 8344624k(1622892k free), swap 10427028k(5284k free)

vm_info: Java HotSpot(TM) 64-Bit Server VM (24.79-b02) for windows-amd64 JRE (1.7.0_79-b15), built on Apr 10 2015 12:36:16 by "java_re" with unknown MS VC++:1600

time: Tue Nov 29 11:42:49 2016
elapsed time: 2 seconds

