#
# There is insufficient memory for the Java Runtime Environment to continue.
# Native memory allocation (malloc) failed to allocate 32744 bytes for ChunkPool::allocate
# Possible reasons:
#   The system is out of physical RAM or swap space
#   In 32 bit mode, the process size limit was hit
# Possible solutions:
#   Reduce memory load on the system
#   Increase physical memory or swap space
#   Check if swap backing store is full
#   Use 64 bit Java on a 64 bit OS
#   Decrease Java heap size (-Xmx/-Xms)
#   Decrease number of Java threads
#   Decrease Java thread stack sizes (-Xss)
#   Set larger code cache with -XX:ReservedCodeCacheSize=
# This output file may be truncated or incomplete.
#
#  Out of Memory Error (allocation.cpp:211), pid=7440, tid=7624
#
# JRE version: Java(TM) SE Runtime Environment (7.0_79-b15) (build 1.7.0_79-b15)
# Java VM: Java HotSpot(TM) 64-Bit Server VM (24.79-b02 mixed mode windows-amd64 compressed oops)
# Failed to write core dump. Minidumps are not enabled by default on client versions of Windows
#

---------------  T H R E A D  ---------------

Current thread (0x0000000002f22800):  JavaThread "C2 CompilerThread1" daemon [_thread_in_native, id=7624, stack(0x000000000b840000,0x000000000b940000)]

Stack: [0x000000000b840000,0x000000000b940000]

Current CompileTask:
C2:    205    4             java.lang.String::replace (127 bytes)


---------------  P R O C E S S  ---------------

Java Threads: ( => current thread )
  0x0000000002f27000 JavaThread "Service Thread" daemon [_thread_blocked, id=8156, stack(0x000000000b940000,0x000000000ba40000)]
=>0x0000000002f22800 JavaThread "C2 CompilerThread1" daemon [_thread_in_native, id=7624, stack(0x000000000b840000,0x000000000b940000)]
  0x000000000b161000 JavaThread "C2 CompilerThread0" daemon [_thread_blocked, id=6776, stack(0x000000000b740000,0x000000000b840000)]
  0x0000000002f1d000 JavaThread "Attach Listener" daemon [_thread_blocked, id=7208, stack(0x000000000b640000,0x000000000b740000)]
  0x000000000b160800 JavaThread "Signal Dispatcher" daemon [_thread_blocked, id=3428, stack(0x000000000b540000,0x000000000b640000)]
  0x0000000009171800 JavaThread "Finalizer" daemon [_thread_blocked, id=6708, stack(0x000000000b040000,0x000000000b140000)]
  0x000000000916b000 JavaThread "Reference Handler" daemon [_thread_blocked, id=4740, stack(0x000000000af40000,0x000000000b040000)]
  0x0000000002e30800 JavaThread "main" [_thread_in_Java, id=2724, stack(0x0000000002c80000,0x0000000002d80000)]

Other Threads:
  0x0000000009167000 VMThread [stack: 0x000000000ae40000,0x000000000af40000] [id=6580]
  0x0000000002f2d000 WatcherThread [stack: 0x000000000ba40000,0x000000000bb40000] [id=7880]

VM state:not at safepoint (normal execution)

VM Mutex/Monitor currently owned by a thread: None

Heap
 PSYoungGen      total 38400K, used 2667K [0x00000000eaa80000, 0x00000000ed500000, 0x0000000100000000)
  eden space 33280K, 8% used [0x00000000eaa80000,0x00000000ead1afa8,0x00000000ecb00000)
  from space 5120K, 0% used [0x00000000ed000000,0x00000000ed000000,0x00000000ed500000)
  to   space 5120K, 0% used [0x00000000ecb00000,0x00000000ecb00000,0x00000000ed000000)
 ParOldGen       total 86528K, used 0K [0x00000000c0000000, 0x00000000c5480000, 0x00000000eaa80000)
  object space 86528K, 0% used [0x00000000c0000000,0x00000000c0000000,0x00000000c5480000)
 PSPermGen       total 21504K, used 3802K [0x00000000bae00000, 0x00000000bc300000, 0x00000000c0000000)
  object space 21504K, 17% used [0x00000000bae00000,0x00000000bb1b6be8,0x00000000bc300000)

Card table byte_map: [0x0000000005f30000,0x0000000006160000] byte_map_base: 0x0000000005959000

Polling page: 0x0000000002b10000

Code Cache  [0x0000000002f30000, 0x00000000031a0000, 0x0000000005f30000)
 total_blobs=219 nmethods=3 adapters=169 free_code_cache=48749Kb largest_free_block=49919040

Compilation events (7 events):
Event: 0.121 Thread 0x000000000b161000    1             java.lang.String::indexOf (70 bytes)
Event: 0.128 Thread 0x000000000b161000 nmethod 1 0x0000000002f90e10 code [0x0000000002f90f60, 0x0000000002f910e8]
Event: 0.129 Thread 0x0000000002f22800    2             java.lang.String::hashCode (55 bytes)
Event: 0.131 Thread 0x0000000002f22800 nmethod 2 0x0000000002f90ad0 code [0x0000000002f90c00, 0x0000000002f90d58]
Event: 0.141 Thread 0x000000000b161000    3             java.lang.String::lastIndexOf (52 bytes)
Event: 0.143 Thread 0x000000000b161000 nmethod 3 0x0000000002f8fe90 code [0x0000000002f8ffe0, 0x0000000002f90148]
Event: 0.200 Thread 0x0000000002f22800    4             java.lang.String::replace (127 bytes)

GC Heap History (0 events):
No events

Deoptimization events (0 events):
No events

Internal exceptions (10 events):
Event: 0.198 Thread 0x0000000002e30800 Threw 0x00000000eacac670 at C:\re\jdk7u79\2331\hotspot\src\share\vm\prims\jvm.cpp:1304
Event: 0.198 Thread 0x0000000002e30800 Threw 0x00000000eacaee60 at C:\re\jdk7u79\2331\hotspot\src\share\vm\prims\jvm.cpp:1304
Event: 0.198 Thread 0x0000000002e30800 Threw 0x00000000eacb1608 at C:\re\jdk7u79\2331\hotspot\src\share\vm\prims\jvm.cpp:1304
Event: 0.199 Thread 0x0000000002e30800 Threw 0x00000000eacb3ea8 at C:\re\jdk7u79\2331\hotspot\src\share\vm\prims\jvm.cpp:1304
Event: 0.199 Thread 0x0000000002e30800 Threw 0x00000000eacb68d8 at C:\re\jdk7u79\2331\hotspot\src\share\vm\prims\jvm.cpp:1304
Event: 0.200 Thread 0x0000000002e30800 Threw 0x00000000eacb99c8 at C:\re\jdk7u79\2331\hotspot\src\share\vm\prims\jvm.cpp:1304
Event: 0.200 Thread 0x0000000002e30800 Threw 0x00000000eacbb7a0 at C:\re\jdk7u79\2331\hotspot\src\share\vm\prims\jvm.cpp:1304
Event: 0.201 Thread 0x0000000002e30800 Threw 0x00000000eacbea30 at C:\re\jdk7u79\2331\hotspot\src\share\vm\prims\jvm.cpp:1304
Event: 0.201 Thread 0x0000000002e30800 Threw 0x00000000eacc0f90 at C:\re\jdk7u79\2331\hotspot\src\share\vm\prims\jvm.cpp:1304
Event: 0.202 Thread 0x0000000002e30800 Threw 0x00000000eacc40a8 at C:\re\jdk7u79\2331\hotspot\src\share\vm\prims\jvm.cpp:1304

Events (10 events):
Event: 0.199 loading class 0x000000000b184de0
Event: 0.199 loading class 0x000000000b184de0 done
Event: 0.200 loading class 0x000000000b19c300
Event: 0.200 loading class 0x000000000b19c300 done
Event: 0.201 loading class 0x000000000b271460
Event: 0.201 loading class 0x000000000b271460 done
Event: 0.201 loading class 0x000000000b1869e0
Event: 0.201 loading class 0x000000000b1869e0 done
Event: 0.201 loading class 0x000000000b2721e0
Event: 0.201 loading class 0x000000000b2721e0 done


Dynamic libraries:
0x00007ff67e810000 - 0x00007ff67e843000 	C:\Program Files\Java\jdk1.7.0_79\bin\java.exe
0x00007ffa585a0000 - 0x00007ffa5874c000 	C:\Windows\SYSTEM32\ntdll.dll
0x00007ffa56cd0000 - 0x00007ffa56e0e000 	C:\Windows\system32\KERNEL32.DLL
0x00007ffa557c0000 - 0x00007ffa558d5000 	C:\Windows\system32\KERNELBASE.dll
0x00007ffa53fa0000 - 0x00007ffa5402e000 	C:\Windows\system32\apphelp.dll
0x00007ffa44a80000 - 0x00007ffa44ad3000 	C:\Windows\AppPatch\AppPatch64\AcGenral.DLL
0x00007ffa55fd0000 - 0x00007ffa5607a000 	C:\Windows\system32\msvcrt.dll
0x00007ffa55590000 - 0x00007ffa555be000 	C:\Windows\SYSTEM32\SspiCli.dll
0x00007ffa56ed0000 - 0x00007ffa56f24000 	C:\Windows\system32\SHLWAPI.dll
0x00007ffa56450000 - 0x00007ffa565c7000 	C:\Windows\system32\USER32.dll
0x00007ffa561e0000 - 0x00007ffa56374000 	C:\Windows\system32\ole32.dll
0x00007ffa57070000 - 0x00007ffa5859b000 	C:\Windows\system32\SHELL32.dll
0x00007ffa54d10000 - 0x00007ffa54d31000 	C:\Windows\SYSTEM32\USERENV.dll
0x00007ffa56f30000 - 0x00007ffa56fda000 	C:\Windows\system32\ADVAPI32.dll
0x00007ffa4f940000 - 0x00007ffa4f95e000 	C:\Windows\SYSTEM32\MPR.dll
0x00007ffa56990000 - 0x00007ffa56ad1000 	C:\Windows\system32\RPCRT4.dll
0x00007ffa563f0000 - 0x00007ffa56449000 	C:\Windows\SYSTEM32\sechost.dll
0x00007ffa55db0000 - 0x00007ffa55fc1000 	C:\Windows\SYSTEM32\combase.dll
0x00007ffa56b80000 - 0x00007ffa56cd0000 	C:\Windows\system32\GDI32.dll
0x00007ffa556f0000 - 0x00007ffa55705000 	C:\Windows\SYSTEM32\profapi.dll
0x00007ffa53eb0000 - 0x00007ffa53f62000 	C:\Windows\SYSTEM32\SHCORE.dll
0x00007ffa56ae0000 - 0x00007ffa56b16000 	C:\Windows\system32\IMM32.DLL
0x00007ffa56080000 - 0x00007ffa561d2000 	C:\Windows\system32\MSCTF.dll
0x00000000691d0000 - 0x0000000069259000 	C:\Windows\System32\SYSFER.DLL
0x00007ffa52830000 - 0x00007ffa52aab000 	C:\Windows\WinSxS\amd64_microsoft.windows.common-controls_6595b64144ccf1df_6.0.9600.18006_none_623f33d3ecbe86e8\COMCTL32.dll
0x00007ffa565d0000 - 0x00007ffa565d7000 	C:\Windows\system32\psapi.dll
0x0000000065dc0000 - 0x0000000065e92000 	C:\Program Files\Java\jdk1.7.0_79\jre\bin\msvcr100.dll
0x0000000066d90000 - 0x0000000067565000 	C:\Program Files\Java\jdk1.7.0_79\jre\bin\server\jvm.dll
0x00007ffa4e8c0000 - 0x00007ffa4e8c9000 	C:\Windows\SYSTEM32\WSOCK32.dll
0x00007ffa4e960000 - 0x00007ffa4e982000 	C:\Windows\SYSTEM32\WINMM.dll
0x00007ffa56b20000 - 0x00007ffa56b7a000 	C:\Windows\system32\WS2_32.dll
0x00007ffa4e930000 - 0x00007ffa4e95a000 	C:\Windows\SYSTEM32\WINMMBASE.dll
0x00007ffa57060000 - 0x00007ffa57069000 	C:\Windows\system32\NSI.dll
0x00007ffa55b70000 - 0x00007ffa55bbf000 	C:\Windows\SYSTEM32\cfgmgr32.dll
0x00007ffa544e0000 - 0x00007ffa54508000 	C:\Windows\SYSTEM32\DEVOBJ.dll
0x0000000066d80000 - 0x0000000066d8f000 	C:\Program Files\Java\jdk1.7.0_79\jre\bin\verify.dll
0x0000000066d50000 - 0x0000000066d78000 	C:\Program Files\Java\jdk1.7.0_79\jre\bin\java.dll
0x0000000066d30000 - 0x0000000066d45000 	C:\Program Files\Java\jdk1.7.0_79\jre\bin\zip.dll
0x0000000066d10000 - 0x0000000066d2a000 	C:\Program Files\Java\jdk1.7.0_79\jre\bin\net.dll
0x00007ffa54fd0000 - 0x00007ffa55029000 	C:\Windows\system32\mswsock.dll
0x0000000066cf0000 - 0x0000000066d01000 	C:\Program Files\Java\jdk1.7.0_79\jre\bin\nio.dll

VM Arguments:
jvm_args: -Xmx1024M -Dfile.encoding=windows-1252 -Duser.country=BR -Duser.language=pt -Duser.variant 
java_command: com.android.dx.command.Main --dex --num-threads=4 --output C:\Users\Thiago.Prado\Desktop\GitHub\Projeto_Descubra\app\build\intermediates\pre-dexed\debug\classes-90b121b8b4bc26cf82ab329049bd4fdbecb81a71.jar C:\Users\Thiago.Prado\Desktop\GitHub\Projeto_Descubra\app\build\intermediates\exploded-aar\me.dm7.barcodescanner\zxing\1.8.4\jars\classes.jar
Launcher Type: SUN_STANDARD

Environment Variables:
PATH=C:\ProgramData\Oracle\Java\javapath;C:\Windows\system32;C:\Windows;C:\Windows\System32\Wbem;C:\Windows\System32\WindowsPowerShell\v1.0\;C:\Program Files (x86)\ATI Technologies\ATI.ACE\Core-Static;C:\Program Files (x86)\Brackets\command;C:\Program Files (x86)\Windows Kits\8.1\Windows Performance Toolkit\;C:\Program Files\Microsoft SQL Server\110\Tools\Binn\;C:\Program Files (x86)\QuickTime\QTSystem\
USERNAME=Thiago.Prado
OS=Windows_NT
PROCESSOR_IDENTIFIER=Intel64 Family 6 Model 42 Stepping 7, GenuineIntel



---------------  S Y S T E M  ---------------

OS: Windows 8.1 , 64 bit Build 9600 

CPU:total 8 (4 cores per cpu, 2 threads per core) family 6 model 42 stepping 7, cmov, cx8, fxsr, mmx, sse, sse2, sse3, ssse3, sse4.1, sse4.2, popcnt, avx, aes, ht, tsc, tscinvbit

Memory: 4k page, physical 8344624k(1869184k free), swap 10427120k(5044k free)

vm_info: Java HotSpot(TM) 64-Bit Server VM (24.79-b02) for windows-amd64 JRE (1.7.0_79-b15), built on Apr 10 2015 12:36:16 by "java_re" with unknown MS VC++:1600

time: Tue Nov 29 11:48:26 2016
elapsed time: 0 seconds

